2015/02/07 23:25:13 [error] [exception.CDbException] exception 'CDbException' with message 'The table "persona" for active record class "Persona" cannot be found in the database.' in C:\wamp\www\yii\framework\db\ar\CActiveRecord.php:2362
Stack trace:
#0 C:\wamp\www\yii\framework\db\ar\CActiveRecord.php(411): CActiveRecordMetaData->__construct(Object(Persona))
#1 C:\wamp\www\yii\framework\db\ar\CActiveRecord.php(658): CActiveRecord->getMetaData()
#2 C:\wamp\www\yii\framework\db\ar\CActiveRecord.php(1601): CActiveRecord->getTableSchema()
#3 C:\wamp\www\yii\framework\web\CActiveDataProvider.php(228): CActiveRecord->count(Object(CDbCriteria))
#4 C:\wamp\www\yii\framework\web\CDataProvider.php(224): CActiveDataProvider->calculateTotalItemCount()
#5 C:\wamp\www\yii\framework\web\CActiveDataProvider.php(178): CDataProvider->getTotalItemCount()
#6 C:\wamp\www\yii\framework\web\CDataProvider.php(168): CActiveDataProvider->fetchData()
#7 C:\wamp\www\yii\framework\zii\widgets\CBaseListView.php(111): CDataProvider->getData()
#8 C:\wamp\www\yii\framework\zii\widgets\CListView.php(211): CBaseListView->init()
#9 C:\wamp\www\yii\framework\web\CBaseController.php(147): CListView->init()
#10 C:\wamp\www\yii\framework\web\CBaseController.php(172): CBaseController->createWidget('zii.widgets.CLi...', Array)
#11 C:\wamp\www\yii\temas\protected\views\persona\index.php(20): CBaseController->widget('zii.widgets.CLi...', Array)
#12 C:\wamp\www\yii\framework\web\CBaseController.php(126): require('C:\wamp\www\yii...')
#13 C:\wamp\www\yii\framework\web\CBaseController.php(95): CBaseController->renderInternal('C:\wamp\www\yii...', Array, true)
#14 C:\wamp\www\yii\framework\web\CController.php(869): CBaseController->renderFile('C:\wamp\www\yii...', Array, true)
#15 C:\wamp\www\yii\framework\web\CController.php(782): CController->renderPartial('index', Array, true)
#16 C:\wamp\www\yii\temas\protected\controllers\PersonaController.php(128): CController->render('index', Array)
#17 C:\wamp\www\yii\framework\web\actions\CInlineAction.php(49): PersonaController->actionIndex()
#18 C:\wamp\www\yii\framework\web\CController.php(308): CInlineAction->runWithParams(Array)
#19 C:\wamp\www\yii\framework\web\filters\CFilterChain.php(133): CController->runAction(Object(CInlineAction))
#20 C:\wamp\www\yii\framework\web\filters\CFilter.php(40): CFilterChain->run()
#21 C:\wamp\www\yii\framework\web\CController.php(1145): CFilter->filter(Object(CFilterChain))
#22 C:\wamp\www\yii\framework\web\filters\CInlineFilter.php(58): CController->filterAccessControl(Object(CFilterChain))
#23 C:\wamp\www\yii\framework\web\filters\CFilterChain.php(130): CInlineFilter->filter(Object(CFilterChain))
#24 C:\wamp\www\yii\framework\web\CController.php(291): CFilterChain->run()
#25 C:\wamp\www\yii\framework\web\CController.php(265): CController->runActionWithFilters(Object(CInlineAction), Array)
#26 C:\wamp\www\yii\framework\web\CWebApplication.php(282): CController->run('')
#27 C:\wamp\www\yii\framework\web\CWebApplication.php(141): CWebApplication->runController('persona')
#28 C:\wamp\www\yii\framework\base\CApplication.php(180): CWebApplication->processRequest()
#29 C:\wamp\www\yii\temas\index.php(13): CApplication->run()
#30 {main}
REQUEST_URI=/yii/temas/index.php?r=persona
---
2015/02/07 23:33:02 [error] [exception.CDbException] exception 'CDbException' with message 'The table "persona" for active record class "Persona" cannot be found in the database.' in C:\wamp\www\yii\framework\db\ar\CActiveRecord.php:2362
Stack trace:
#0 C:\wamp\www\yii\framework\db\ar\CActiveRecord.php(411): CActiveRecordMetaData->__construct(Object(Persona))
#1 C:\wamp\www\yii\framework\db\ar\CActiveRecord.php(138): CActiveRecord->getMetaData()
#2 C:\wamp\www\yii\framework\gii\generators\crud\CrudCode.php(66): CActiveRecord->__get('tableSchema')
#3 C:\wamp\www\yii\framework\validators\CInlineValidator.php(42): CrudCode->validateModel('model', Array)
#4 C:\wamp\www\yii\framework\validators\CValidator.php(213): CInlineValidator->validateAttribute(Object(CrudCode), 'model')
#5 C:\wamp\www\yii\framework\base\CModel.php(159): CValidator->validate(Object(CrudCode), NULL)
#6 C:\wamp\www\yii\framework\gii\CCodeGenerator.php(159): CModel->validate()
#7 C:\wamp\www\yii\framework\gii\CCodeGenerator.php(63): CCodeGenerator->prepare()
#8 C:\wamp\www\yii\framework\web\actions\CInlineAction.php(49): CCodeGenerator->actionIndex()
#9 C:\wamp\www\yii\framework\web\CController.php(308): CInlineAction->runWithParams(Array)
#10 C:\wamp\www\yii\framework\web\CController.php(286): CController->runAction(Object(CInlineAction))
#11 C:\wamp\www\yii\framework\web\CController.php(265): CController->runActionWithFilters(Object(CInlineAction), Array)
#12 C:\wamp\www\yii\framework\web\CWebApplication.php(282): CController->run('index')
#13 C:\wamp\www\yii\framework\web\CWebApplication.php(141): CWebApplication->runController('gii/crud/index')
#14 C:\wamp\www\yii\framework\base\CApplication.php(180): CWebApplication->processRequest()
#15 C:\wamp\www\yii\temas\index.php(13): CApplication->run()
#16 {main}
REQUEST_URI=/yii/temas/index.php?r=gii/crud/index
HTTP_REFERER=http://localhost/yii/temas/index.php?r=gii/crud/index
---
2015/02/07 23:40:15 [error] [exception.CHttpException.404] exception 'CHttpException' with message 'The system is unable to find the requested action "page".' in C:\wamp\www\yii\framework\web\CController.php:483
Stack trace:
#0 C:\wamp\www\yii\framework\web\CController.php(270): CController->missingAction('page')
#1 C:\wamp\www\yii\framework\web\CWebApplication.php(282): CController->run('page')
#2 C:\wamp\www\yii\framework\web\CWebApplication.php(141): CWebApplication->runController('persona/page')
#3 C:\wamp\www\yii\framework\base\CApplication.php(180): CWebApplication->processRequest()
#4 C:\wamp\www\yii\temas\index.php(13): CApplication->run()
#5 {main}
REQUEST_URI=/yii/temas/index.php/persona/page?view=interface
---
2015/02/07 23:40:28 [error] [exception.CHttpException.404] exception 'CHttpException' with message 'The system is unable to find the requested action "page".' in C:\wamp\www\yii\framework\web\CController.php:483
Stack trace:
#0 C:\wamp\www\yii\framework\web\CController.php(270): CController->missingAction('page')
#1 C:\wamp\www\yii\framework\web\CWebApplication.php(282): CController->run('page')
#2 C:\wamp\www\yii\framework\web\CWebApplication.php(141): CWebApplication->runController('persona/page')
#3 C:\wamp\www\yii\framework\base\CApplication.php(180): CWebApplication->processRequest()
#4 C:\wamp\www\yii\temas\index.php(13): CApplication->run()
#5 {main}
REQUEST_URI=/yii/temas/index.php/persona/page?
---
2015/02/07 23:42:53 [error] [system.db.CDbCommand] CDbCommand::execute() failed: SQLSTATE[23000]: Integrity constraint violation: 1452 Cannot add or update a child row: a foreign key constraint fails (`temas`.`persona`, CONSTRAINT `persona_ibfk_1` FOREIGN KEY (`id_m`) REFERENCES `municipio` (`id_m`) ON DELETE CASCADE ON UPDATE CASCADE). The SQL statement executed was: INSERT INTO `persona` (`nombre`, `apellido`, `id_m`) VALUES (:yp0, :yp1, :yp2).
in C:\wamp\www\yii\temas\protected\controllers\PersonaController.php (73)
in C:\wamp\www\yii\temas\index.php (13)
2015/02/07 23:42:53 [error] [exception.CDbException] exception 'CDbException' with message 'CDbCommand failed to execute the SQL statement: SQLSTATE[23000]: Integrity constraint violation: 1452 Cannot add or update a child row: a foreign key constraint fails (`temas`.`persona`, CONSTRAINT `persona_ibfk_1` FOREIGN KEY (`id_m`) REFERENCES `municipio` (`id_m`) ON DELETE CASCADE ON UPDATE CASCADE). The SQL statement executed was: INSERT INTO `persona` (`nombre`, `apellido`, `id_m`) VALUES (:yp0, :yp1, :yp2)' in C:\wamp\www\yii\framework\db\CDbCommand.php:358
Stack trace:
#0 C:\wamp\www\yii\framework\db\ar\CActiveRecord.php(1077): CDbCommand->execute()
#1 C:\wamp\www\yii\framework\db\ar\CActiveRecord.php(806): CActiveRecord->insert(NULL)
#2 C:\wamp\www\yii\temas\protected\controllers\PersonaController.php(73): CActiveRecord->save()
#3 C:\wamp\www\yii\framework\web\actions\CInlineAction.php(49): PersonaController->actionCreate()
#4 C:\wamp\www\yii\framework\web\CController.php(308): CInlineAction->runWithParams(Array)
#5 C:\wamp\www\yii\framework\web\filters\CFilterChain.php(133): CController->runAction(Object(CInlineAction))
#6 C:\wamp\www\yii\framework\web\filters\CFilter.php(40): CFilterChain->run()
#7 C:\wamp\www\yii\framework\web\CController.php(1145): CFilter->filter(Object(CFilterChain))
#8 C:\wamp\www\yii\framework\web\filters\CInlineFilter.php(58): CController->filterAccessControl(Object(CFilterChain))
#9 C:\wamp\www\yii\framework\web\filters\CFilterChain.php(130): CInlineFilter->filter(Object(CFilterChain))
#10 C:\wamp\www\yii\framework\web\CController.php(291): CFilterChain->run()
#11 C:\wamp\www\yii\framework\web\CController.php(265): CController->runActionWithFilters(Object(CInlineAction), Array)
#12 C:\wamp\www\yii\framework\web\CWebApplication.php(282): CController->run('create')
#13 C:\wamp\www\yii\framework\web\CWebApplication.php(141): CWebApplication->runController('persona/create')
#14 C:\wamp\www\yii\framework\base\CApplication.php(180): CWebApplication->processRequest()
#15 C:\wamp\www\yii\temas\index.php(13): CApplication->run()
#16 {main}
REQUEST_URI=/yii/temas/index.php/persona/create
HTTP_REFERER=http://localhost/yii/temas/index.php/persona/create
---
